生成启动时间为 2019/1/18 15:37:33。
     1>项目“c:\Users\happy~小小蕊\documents\visual studio 2013\Projects\test.cpp 1_18\test.cpp 1_18\test.cpp 1_18.vcxproj”在节点 2 上(Build 个目标)。
     1>ClCompile:
         C:\Program Files (x86)\Microsoft Visual Studio 12.0\VC\bin\CL.exe /c /ZI /nologo /W3 /WX- /sdl /Od /Oy- /D _MBCS /Gm /EHsc /RTC1 /MDd /GS /fp:precise /Zc:wchar_t /Zc:forScope /Fo"Debug\\" /Fd"Debug\vc120.pdb" /Gd /TP /analyze- /errorReport:prompt test.cpp
         test.cpp
     1>c:\users\happy~小小蕊\documents\visual studio 2013\projects\test.cpp 1_18\test.cpp 1_18\test.cpp(57): error C2447: “{”: 缺少函数标题(是否是老式的形式表?)
     1>c:\users\happy~小小蕊\documents\visual studio 2013\projects\test.cpp 1_18\test.cpp 1_18\test.cpp(75): error C4430: 缺少类型说明符 - 假定为 int。注意:  C++ 不支持默认 int
     1>c:\users\happy~小小蕊\documents\visual studio 2013\projects\test.cpp 1_18\test.cpp 1_18\test.cpp(75): error C2143: 语法错误 : 缺少“,”(在“&”的前面)
     1>c:\users\happy~小小蕊\documents\visual studio 2013\projects\test.cpp 1_18\test.cpp 1_18\test.cpp(78): error C2065: “d”: 未声明的标识符
     1>c:\users\happy~小小蕊\documents\visual studio 2013\projects\test.cpp 1_18\test.cpp 1_18\test.cpp(78): error C2228: “._year”的左边必须有类/结构/联合
                 类型是“unknown-type”
     1>c:\users\happy~小小蕊\documents\visual studio 2013\projects\test.cpp 1_18\test.cpp 1_18\test.cpp(78): error C2228: “._month”的左边必须有类/结构/联合
                 类型是“unknown-type”
     1>c:\users\happy~小小蕊\documents\visual studio 2013\projects\test.cpp 1_18\test.cpp 1_18\test.cpp(78): error C2228: “._day”的左边必须有类/结构/联合
                 类型是“unknown-type”
     1>c:\users\happy~小小蕊\documents\visual studio 2013\projects\test.cpp 1_18\test.cpp 1_18\test.cpp(85): error C2065: “Date”: 未声明的标识符
     1>c:\users\happy~小小蕊\documents\visual studio 2013\projects\test.cpp 1_18\test.cpp 1_18\test.cpp(85): error C2146: 语法错误: 缺少“;”(在标识符“d”的前面)
     1>c:\users\happy~小小蕊\documents\visual studio 2013\projects\test.cpp 1_18\test.cpp 1_18\test.cpp(85): error C3861: “d”:  找不到标识符
     1>c:\users\happy~小小蕊\documents\visual studio 2013\projects\test.cpp 1_18\test.cpp 1_18\test.cpp(87): error C2065: “d”: 未声明的标识符
     1>已完成生成项目“c:\Users\happy~小小蕊\documents\visual studio 2013\Projects\test.cpp 1_18\test.cpp 1_18\test.cpp 1_18.vcxproj”(Build 个目标)的操作 - 失败。

生成失败。

已用时间 00:00:00.73
